<?xml version="1.0" encoding="UTF-8"?>
<!-- Generated by org.testng.reporters.JUnitReportReporter -->
<testsuite hostname="NiteshKumar" failures="0" tests="1" name="automationFramework.Apache_POI_TC" time="14.252" errors="0" timestamp="2019-12-09T15:34:04 IST" skipped="0">
  <testcase classname="automationFramework.Apache_POI_TC" name="SendReport" time="14.252"/>
</testsuite> <!-- automationFramework.Apache_POI_TC -->
