<?xml version="1.0" encoding="UTF-8"?>
<!-- Generated by org.testng.reporters.JUnitReportReporter -->
<testsuite hostname="KaranThakur" failures="0" tests="1" name="MainExecutor.Executor" time="5.582" errors="0" timestamp="2020-07-01T17:19:06 IST" skipped="0">
  <testcase classname="MainExecutor.Executor" name="First" time="5.582"/>
  <system-out/>
</testsuite> <!-- MainExecutor.Executor -->
