<?xml version="1.0" encoding="UTF-8"?>
<!-- Generated by org.testng.reporters.JUnitReportReporter -->
<testsuite hostname="KaranThakur" failures="0" tests="1" name="MainExecutor.Executor" time="15.373" errors="0" timestamp="2020-07-09T18:13:25 IST" skipped="0">
  <testcase classname="MainExecutor.Executor" name="First" time="15.373"/>
  <system-out/>
</testsuite> <!-- MainExecutor.Executor -->
